2021-07-11 22:12:32,377 DEBUG [chardet.charsetprober] get_confidence:100: utf-8  confidence = 0.99
2021-07-11 22:12:32,377 DEBUG [chardet.charsetprober] get_confidence:100: SHIFT_JIS Japanese confidence = 0.01
2021-07-11 22:12:32,377 DEBUG [chardet.charsetprober] get_confidence:100: EUC-JP Japanese confidence = 0.01
2021-07-11 22:12:32,377 DEBUG [chardet.charsetprober] get_confidence:100: GB2312 Chinese confidence = 0.01
2021-07-11 22:12:32,377 DEBUG [chardet.charsetprober] get_confidence:100: EUC-KR Korean confidence = 0.01
2021-07-11 22:12:32,378 DEBUG [chardet.charsetprober] get_confidence:100: CP949 Korean confidence = 0.01
2021-07-11 22:12:32,378 DEBUG [chardet.charsetprober] get_confidence:100: Big5 Chinese confidence = 0.01
2021-07-11 22:12:32,378 DEBUG [chardet.charsetprober] get_confidence:100: EUC-TW Taiwan confidence = 0.01
2021-07-11 22:12:32,378 DEBUG [chardet.charsetprober] get_confidence:100: windows-1251 Russian confidence = 0.01
2021-07-11 22:12:32,378 DEBUG [chardet.charsetprober] get_confidence:100: KOI8-R Russian confidence = 0.01
2021-07-11 22:12:32,379 DEBUG [chardet.charsetprober] get_confidence:100: ISO-8859-5 Russian confidence = 0.0
2021-07-11 22:12:32,379 DEBUG [chardet.charsetprober] get_confidence:100: MacCyrillic Russian confidence = 0.13032213490742614
2021-07-11 22:12:32,379 DEBUG [chardet.charsetprober] get_confidence:100: IBM866 Russian confidence = 0.0
2021-07-11 22:12:32,379 DEBUG [chardet.charsetprober] get_confidence:100: IBM855 Russian confidence = 0.12411631895945346
2021-07-11 22:12:32,379 DEBUG [chardet.charsetprober] get_confidence:100: ISO-8859-7 Greek confidence = 0.0
2021-07-11 22:12:32,379 DEBUG [chardet.charsetprober] get_confidence:100: windows-1253 Greek confidence = 0.0
2021-07-11 22:12:32,379 DEBUG [chardet.charsetprober] get_confidence:100: ISO-8859-5 Bulgairan confidence = 0.0
2021-07-11 22:12:32,379 DEBUG [chardet.charsetprober] get_confidence:100: windows-1251 Bulgarian confidence = 0.01
2021-07-11 22:12:32,379 DEBUG [chardet.charsetprober] get_confidence:100: TIS-620 Thai confidence = 0.28785696962893076
2021-07-11 22:12:32,379 DEBUG [chardet.charsetprober] get_confidence:100: ISO-8859-9 Turkish confidence = 0.43037129821104014
2021-07-11 22:12:32,379 DEBUG [chardet.charsetprober] get_confidence:100: windows-1255 Hebrew confidence = 0.0
2021-07-11 22:12:32,379 DEBUG [chardet.charsetprober] get_confidence:100: windows-1255 Hebrew confidence = 0.0
2021-07-11 22:12:32,379 DEBUG [chardet.charsetprober] get_confidence:100: windows-1255 Hebrew confidence = 0.0
2021-07-11 22:12:32,379 DEBUG [chardet.charsetprober] get_confidence:100: utf-8  confidence = 0.99
2021-07-11 22:12:32,380 DEBUG [chardet.charsetprober] get_confidence:100: SHIFT_JIS Japanese confidence = 0.01
2021-07-11 22:12:32,380 DEBUG [chardet.charsetprober] get_confidence:100: EUC-JP Japanese confidence = 0.01
2021-07-11 22:12:32,380 DEBUG [chardet.charsetprober] get_confidence:100: GB2312 Chinese confidence = 0.01
2021-07-11 22:12:32,380 DEBUG [chardet.charsetprober] get_confidence:100: EUC-KR Korean confidence = 0.01
2021-07-11 22:12:32,380 DEBUG [chardet.charsetprober] get_confidence:100: CP949 Korean confidence = 0.01
2021-07-11 22:12:32,380 DEBUG [chardet.charsetprober] get_confidence:100: Big5 Chinese confidence = 0.01
2021-07-11 22:12:32,380 DEBUG [chardet.charsetprober] get_confidence:100: EUC-TW Taiwan confidence = 0.01
2021-07-11 22:12:32,382 DEBUG [chardet.charsetprober] get_confidence:100: utf-8  confidence = 0.99
2021-07-11 22:12:32,382 DEBUG [chardet.charsetprober] get_confidence:100: SHIFT_JIS Japanese confidence = 0.01
2021-07-11 22:12:32,382 DEBUG [chardet.charsetprober] get_confidence:100: EUC-JP Japanese confidence = 0.01
2021-07-11 22:12:32,382 DEBUG [chardet.charsetprober] get_confidence:100: GB2312 Chinese confidence = 0.01
2021-07-11 22:12:32,382 DEBUG [chardet.charsetprober] get_confidence:100: EUC-KR Korean confidence = 0.01
2021-07-11 22:12:32,382 DEBUG [chardet.charsetprober] get_confidence:100: CP949 Korean confidence = 0.01
2021-07-11 22:12:32,382 DEBUG [chardet.charsetprober] get_confidence:100: Big5 Chinese confidence = 0.01
2021-07-11 22:12:32,382 DEBUG [chardet.charsetprober] get_confidence:100: EUC-TW Taiwan confidence = 0.01
2021-07-11 22:12:32,382 DEBUG [chardet.charsetprober] get_confidence:100: windows-1251 Russian confidence = 0.01
2021-07-11 22:12:32,382 DEBUG [chardet.charsetprober] get_confidence:100: KOI8-R Russian confidence = 0.01
2021-07-11 22:12:32,382 DEBUG [chardet.charsetprober] get_confidence:100: ISO-8859-5 Russian confidence = 0.0
2021-07-11 22:12:32,382 DEBUG [chardet.charsetprober] get_confidence:100: MacCyrillic Russian confidence = 0.13032213490742614
2021-07-11 22:12:32,383 DEBUG [chardet.charsetprober] get_confidence:100: IBM866 Russian confidence = 0.0
2021-07-11 22:12:32,383 DEBUG [chardet.charsetprober] get_confidence:100: IBM855 Russian confidence = 0.12411631895945346
2021-07-11 22:12:32,383 DEBUG [chardet.charsetprober] get_confidence:100: ISO-8859-7 Greek confidence = 0.0
2021-07-11 22:12:32,383 DEBUG [chardet.charsetprober] get_confidence:100: windows-1253 Greek confidence = 0.0
2021-07-11 22:12:32,383 DEBUG [chardet.charsetprober] get_confidence:100: ISO-8859-5 Bulgairan confidence = 0.0
2021-07-11 22:12:32,383 DEBUG [chardet.charsetprober] get_confidence:100: windows-1251 Bulgarian confidence = 0.01
2021-07-11 22:12:32,383 DEBUG [chardet.charsetprober] get_confidence:100: TIS-620 Thai confidence = 0.28785696962893076
2021-07-11 22:12:32,383 DEBUG [chardet.charsetprober] get_confidence:100: ISO-8859-9 Turkish confidence = 0.40625781165594815
2021-07-11 22:12:32,383 DEBUG [chardet.charsetprober] get_confidence:100: windows-1255 Hebrew confidence = 0.0
2021-07-11 22:12:32,383 DEBUG [chardet.charsetprober] get_confidence:100: windows-1255 Hebrew confidence = 0.0
2021-07-11 22:12:32,383 DEBUG [chardet.charsetprober] get_confidence:100: windows-1255 Hebrew confidence = 0.0
2021-07-11 22:12:32,383 DEBUG [chardet.charsetprober] get_confidence:100: utf-8  confidence = 0.99
2021-07-11 22:12:32,383 DEBUG [chardet.charsetprober] get_confidence:100: SHIFT_JIS Japanese confidence = 0.01
2021-07-11 22:12:32,383 DEBUG [chardet.charsetprober] get_confidence:100: EUC-JP Japanese confidence = 0.01
2021-07-11 22:12:32,383 DEBUG [chardet.charsetprober] get_confidence:100: GB2312 Chinese confidence = 0.01
2021-07-11 22:12:32,383 DEBUG [chardet.charsetprober] get_confidence:100: EUC-KR Korean confidence = 0.01
2021-07-11 22:12:32,383 DEBUG [chardet.charsetprober] get_confidence:100: CP949 Korean confidence = 0.01
2021-07-11 22:12:32,383 DEBUG [chardet.charsetprober] get_confidence:100: Big5 Chinese confidence = 0.01
2021-07-11 22:12:32,384 DEBUG [chardet.charsetprober] get_confidence:100: EUC-TW Taiwan confidence = 0.01
2021-07-11 22:12:32,395 DEBUG [chardet.charsetprober] get_confidence:100: utf-8  confidence = 0.99
2021-07-11 22:12:32,395 DEBUG [chardet.charsetprober] get_confidence:100: SHIFT_JIS Japanese confidence = 0.01
2021-07-11 22:12:32,396 DEBUG [chardet.charsetprober] get_confidence:100: EUC-JP Japanese confidence = 0.01
2021-07-11 22:12:32,396 DEBUG [chardet.charsetprober] get_confidence:100: GB2312 Chinese confidence = 0.01
2021-07-11 22:12:32,396 DEBUG [chardet.charsetprober] get_confidence:100: EUC-KR Korean confidence = 0.01
2021-07-11 22:12:32,396 DEBUG [chardet.charsetprober] get_confidence:100: CP949 Korean confidence = 0.01
2021-07-11 22:12:32,396 DEBUG [chardet.charsetprober] get_confidence:100: Big5 Chinese confidence = 0.01
2021-07-11 22:12:32,396 DEBUG [chardet.charsetprober] get_confidence:100: EUC-TW Taiwan confidence = 0.01
2021-07-11 22:12:32,396 DEBUG [chardet.charsetprober] get_confidence:100: windows-1251 Russian confidence = 0.01
2021-07-11 22:12:32,396 DEBUG [chardet.charsetprober] get_confidence:100: KOI8-R Russian confidence = 0.01
2021-07-11 22:12:32,396 DEBUG [chardet.charsetprober] get_confidence:100: ISO-8859-5 Russian confidence = 0.0
2021-07-11 22:12:32,396 DEBUG [chardet.charsetprober] get_confidence:100: MacCyrillic Russian confidence = 0.034752569308646966
2021-07-11 22:12:32,396 DEBUG [chardet.charsetprober] get_confidence:100: IBM866 Russian confidence = 0.09546454409812116
2021-07-11 22:12:32,396 DEBUG [chardet.charsetprober] get_confidence:100: IBM855 Russian confidence = 0.08743517300235959
2021-07-11 22:12:32,396 DEBUG [chardet.charsetprober] get_confidence:100: ISO-8859-7 Greek confidence = 0.0
2021-07-11 22:12:32,396 DEBUG [chardet.charsetprober] get_confidence:100: windows-1253 Greek confidence = 0.0
2021-07-11 22:12:32,396 DEBUG [chardet.charsetprober] get_confidence:100: ISO-8859-5 Bulgairan confidence = 0.0
2021-07-11 22:12:32,396 DEBUG [chardet.charsetprober] get_confidence:100: windows-1251 Bulgarian confidence = 0.0
2021-07-11 22:12:32,397 DEBUG [chardet.charsetprober] get_confidence:100: TIS-620 Thai confidence = 0.10309979218342318
2021-07-11 22:12:32,397 DEBUG [chardet.charsetprober] get_confidence:100: ISO-8859-9 Turkish confidence = 0.40145324114860437
2021-07-11 22:12:32,397 DEBUG [chardet.charsetprober] get_confidence:100: windows-1255 Hebrew confidence = 0.0
2021-07-11 22:12:32,397 DEBUG [chardet.charsetprober] get_confidence:100: windows-1255 Hebrew confidence = 0.0
2021-07-11 22:12:32,397 DEBUG [chardet.charsetprober] get_confidence:100: windows-1255 Hebrew confidence = 0.0
2021-07-11 22:12:32,397 DEBUG [chardet.charsetprober] get_confidence:100: utf-8  confidence = 0.99
2021-07-11 22:12:32,397 DEBUG [chardet.charsetprober] get_confidence:100: SHIFT_JIS Japanese confidence = 0.01
2021-07-11 22:12:32,397 DEBUG [chardet.charsetprober] get_confidence:100: EUC-JP Japanese confidence = 0.01
2021-07-11 22:12:32,397 DEBUG [chardet.charsetprober] get_confidence:100: GB2312 Chinese confidence = 0.01
2021-07-11 22:12:32,397 DEBUG [chardet.charsetprober] get_confidence:100: EUC-KR Korean confidence = 0.01
2021-07-11 22:12:32,397 DEBUG [chardet.charsetprober] get_confidence:100: CP949 Korean confidence = 0.01
2021-07-11 22:12:32,397 DEBUG [chardet.charsetprober] get_confidence:100: Big5 Chinese confidence = 0.01
2021-07-11 22:12:32,397 DEBUG [chardet.charsetprober] get_confidence:100: EUC-TW Taiwan confidence = 0.01
2021-07-11 22:12:32,408 DEBUG [chardet.charsetprober] get_confidence:100: utf-8  confidence = 0.99
2021-07-11 22:12:32,408 DEBUG [chardet.charsetprober] get_confidence:100: SHIFT_JIS Japanese confidence = 0.01
2021-07-11 22:12:32,408 DEBUG [chardet.charsetprober] get_confidence:100: EUC-JP Japanese confidence = 0.01
2021-07-11 22:12:32,408 DEBUG [chardet.charsetprober] get_confidence:100: GB2312 Chinese confidence = 0.01
2021-07-11 22:12:32,409 DEBUG [chardet.charsetprober] get_confidence:100: EUC-KR Korean confidence = 0.01
2021-07-11 22:12:32,409 DEBUG [chardet.charsetprober] get_confidence:100: CP949 Korean confidence = 0.01
2021-07-11 22:12:32,409 DEBUG [chardet.charsetprober] get_confidence:100: Big5 Chinese confidence = 0.01
2021-07-11 22:12:32,409 DEBUG [chardet.charsetprober] get_confidence:100: EUC-TW Taiwan confidence = 0.01
2021-07-11 22:12:32,409 DEBUG [chardet.charsetprober] get_confidence:100: windows-1251 Russian confidence = 0.01
2021-07-11 22:12:32,409 DEBUG [chardet.charsetprober] get_confidence:100: KOI8-R Russian confidence = 0.01
2021-07-11 22:12:32,409 DEBUG [chardet.charsetprober] get_confidence:100: ISO-8859-5 Russian confidence = 0.0
2021-07-11 22:12:32,409 DEBUG [chardet.charsetprober] get_confidence:100: MacCyrillic Russian confidence = 0.034752569308646966
2021-07-11 22:12:32,409 DEBUG [chardet.charsetprober] get_confidence:100: IBM866 Russian confidence = 0.09546454409812116
2021-07-11 22:12:32,409 DEBUG [chardet.charsetprober] get_confidence:100: IBM855 Russian confidence = 0.08743517300235959
2021-07-11 22:12:32,409 DEBUG [chardet.charsetprober] get_confidence:100: ISO-8859-7 Greek confidence = 0.0
2021-07-11 22:12:32,409 DEBUG [chardet.charsetprober] get_confidence:100: windows-1253 Greek confidence = 0.0
2021-07-11 22:12:32,409 DEBUG [chardet.charsetprober] get_confidence:100: ISO-8859-5 Bulgairan confidence = 0.0
2021-07-11 22:12:32,409 DEBUG [chardet.charsetprober] get_confidence:100: windows-1251 Bulgarian confidence = 0.0
2021-07-11 22:12:32,409 DEBUG [chardet.charsetprober] get_confidence:100: TIS-620 Thai confidence = 0.10309979218342318
2021-07-11 22:12:32,409 DEBUG [chardet.charsetprober] get_confidence:100: ISO-8859-9 Turkish confidence = 0.39436636022682375
2021-07-11 22:12:32,410 DEBUG [chardet.charsetprober] get_confidence:100: windows-1255 Hebrew confidence = 0.0
2021-07-11 22:12:32,410 DEBUG [chardet.charsetprober] get_confidence:100: windows-1255 Hebrew confidence = 0.0
2021-07-11 22:12:32,410 DEBUG [chardet.charsetprober] get_confidence:100: windows-1255 Hebrew confidence = 0.0
2021-07-11 22:12:32,410 DEBUG [chardet.charsetprober] get_confidence:100: utf-8  confidence = 0.99
2021-07-11 22:12:32,410 DEBUG [chardet.charsetprober] get_confidence:100: SHIFT_JIS Japanese confidence = 0.01
2021-07-11 22:12:32,410 DEBUG [chardet.charsetprober] get_confidence:100: EUC-JP Japanese confidence = 0.01
2021-07-11 22:12:32,410 DEBUG [chardet.charsetprober] get_confidence:100: GB2312 Chinese confidence = 0.01
2021-07-11 22:12:32,410 DEBUG [chardet.charsetprober] get_confidence:100: EUC-KR Korean confidence = 0.01
2021-07-11 22:12:32,410 DEBUG [chardet.charsetprober] get_confidence:100: CP949 Korean confidence = 0.01
2021-07-11 22:12:32,410 DEBUG [chardet.charsetprober] get_confidence:100: Big5 Chinese confidence = 0.01
2021-07-11 22:12:32,410 DEBUG [chardet.charsetprober] get_confidence:100: EUC-TW Taiwan confidence = 0.01
2021-07-11 22:12:32,423 DEBUG [chardet.charsetprober] get_confidence:100: utf-8  confidence = 0.99
2021-07-11 22:12:32,423 DEBUG [chardet.charsetprober] get_confidence:100: SHIFT_JIS Japanese confidence = 0.01
2021-07-11 22:12:32,423 DEBUG [chardet.charsetprober] get_confidence:100: EUC-JP Japanese confidence = 0.01
2021-07-11 22:12:32,423 DEBUG [chardet.charsetprober] get_confidence:100: GB2312 Chinese confidence = 0.01
2021-07-11 22:12:32,423 DEBUG [chardet.charsetprober] get_confidence:100: EUC-KR Korean confidence = 0.01
2021-07-11 22:12:32,423 DEBUG [chardet.charsetprober] get_confidence:100: CP949 Korean confidence = 0.01
2021-07-11 22:12:32,423 DEBUG [chardet.charsetprober] get_confidence:100: Big5 Chinese confidence = 0.01
2021-07-11 22:12:32,423 DEBUG [chardet.charsetprober] get_confidence:100: EUC-TW Taiwan confidence = 0.01
2021-07-11 22:12:32,423 DEBUG [chardet.charsetprober] get_confidence:100: windows-1251 Russian confidence = 0.01
2021-07-11 22:12:32,423 DEBUG [chardet.charsetprober] get_confidence:100: KOI8-R Russian confidence = 0.01
2021-07-11 22:12:32,424 DEBUG [chardet.charsetprober] get_confidence:100: ISO-8859-5 Russian confidence = 0.0
2021-07-11 22:12:32,424 DEBUG [chardet.charsetprober] get_confidence:100: MacCyrillic Russian confidence = 0.034752569308646966
2021-07-11 22:12:32,424 DEBUG [chardet.charsetprober] get_confidence:100: IBM866 Russian confidence = 0.09546454409812116
2021-07-11 22:12:32,424 DEBUG [chardet.charsetprober] get_confidence:100: IBM855 Russian confidence = 0.08743517300235959
2021-07-11 22:12:32,424 DEBUG [chardet.charsetprober] get_confidence:100: ISO-8859-7 Greek confidence = 0.0
2021-07-11 22:12:32,424 DEBUG [chardet.charsetprober] get_confidence:100: windows-1253 Greek confidence = 0.0
2021-07-11 22:12:32,424 DEBUG [chardet.charsetprober] get_confidence:100: ISO-8859-5 Bulgairan confidence = 0.0
2021-07-11 22:12:32,424 DEBUG [chardet.charsetprober] get_confidence:100: windows-1251 Bulgarian confidence = 0.0
2021-07-11 22:12:32,424 DEBUG [chardet.charsetprober] get_confidence:100: TIS-620 Thai confidence = 0.10309979218342318
2021-07-11 22:12:32,424 DEBUG [chardet.charsetprober] get_confidence:100: ISO-8859-9 Turkish confidence = 0.39436636022682375
2021-07-11 22:12:32,424 DEBUG [chardet.charsetprober] get_confidence:100: windows-1255 Hebrew confidence = 0.0
2021-07-11 22:12:32,424 DEBUG [chardet.charsetprober] get_confidence:100: windows-1255 Hebrew confidence = 0.0
2021-07-11 22:12:32,424 DEBUG [chardet.charsetprober] get_confidence:100: windows-1255 Hebrew confidence = 0.0
2021-07-11 22:12:32,424 DEBUG [chardet.charsetprober] get_confidence:100: utf-8  confidence = 0.99
2021-07-11 22:12:32,425 DEBUG [chardet.charsetprober] get_confidence:100: SHIFT_JIS Japanese confidence = 0.01
2021-07-11 22:12:32,425 DEBUG [chardet.charsetprober] get_confidence:100: EUC-JP Japanese confidence = 0.01
2021-07-11 22:12:32,425 DEBUG [chardet.charsetprober] get_confidence:100: GB2312 Chinese confidence = 0.01
2021-07-11 22:12:32,425 DEBUG [chardet.charsetprober] get_confidence:100: EUC-KR Korean confidence = 0.01
2021-07-11 22:12:32,425 DEBUG [chardet.charsetprober] get_confidence:100: CP949 Korean confidence = 0.01
2021-07-11 22:12:32,425 DEBUG [chardet.charsetprober] get_confidence:100: Big5 Chinese confidence = 0.01
2021-07-11 22:12:32,425 DEBUG [chardet.charsetprober] get_confidence:100: EUC-TW Taiwan confidence = 0.01
2021-07-11 22:12:32,437 DEBUG [chardet.charsetprober] get_confidence:100: utf-8  confidence = 0.99
2021-07-11 22:12:32,437 DEBUG [chardet.charsetprober] get_confidence:100: SHIFT_JIS Japanese confidence = 0.01
2021-07-11 22:12:32,437 DEBUG [chardet.charsetprober] get_confidence:100: EUC-JP Japanese confidence = 0.01
2021-07-11 22:12:32,437 DEBUG [chardet.charsetprober] get_confidence:100: GB2312 Chinese confidence = 0.01
2021-07-11 22:12:32,437 DEBUG [chardet.charsetprober] get_confidence:100: EUC-KR Korean confidence = 0.01
2021-07-11 22:12:32,437 DEBUG [chardet.charsetprober] get_confidence:100: CP949 Korean confidence = 0.01
2021-07-11 22:12:32,437 DEBUG [chardet.charsetprober] get_confidence:100: Big5 Chinese confidence = 0.01
2021-07-11 22:12:32,437 DEBUG [chardet.charsetprober] get_confidence:100: EUC-TW Taiwan confidence = 0.01
2021-07-11 22:12:32,437 DEBUG [chardet.charsetprober] get_confidence:100: windows-1251 Russian confidence = 0.01
2021-07-11 22:12:32,438 DEBUG [chardet.charsetprober] get_confidence:100: KOI8-R Russian confidence = 0.01
2021-07-11 22:12:32,438 DEBUG [chardet.charsetprober] get_confidence:100: ISO-8859-5 Russian confidence = 0.0
2021-07-11 22:12:32,438 DEBUG [chardet.charsetprober] get_confidence:100: MacCyrillic Russian confidence = 0.034752569308646966
2021-07-11 22:12:32,438 DEBUG [chardet.charsetprober] get_confidence:100: IBM866 Russian confidence = 0.09546454409812116
2021-07-11 22:12:32,438 DEBUG [chardet.charsetprober] get_confidence:100: IBM855 Russian confidence = 0.08743517300235959
2021-07-11 22:12:32,438 DEBUG [chardet.charsetprober] get_confidence:100: ISO-8859-7 Greek confidence = 0.0
2021-07-11 22:12:32,438 DEBUG [chardet.charsetprober] get_confidence:100: windows-1253 Greek confidence = 0.0
2021-07-11 22:12:32,438 DEBUG [chardet.charsetprober] get_confidence:100: ISO-8859-5 Bulgairan confidence = 0.0
2021-07-11 22:12:32,438 DEBUG [chardet.charsetprober] get_confidence:100: windows-1251 Bulgarian confidence = 0.0
2021-07-11 22:12:32,438 DEBUG [chardet.charsetprober] get_confidence:100: TIS-620 Thai confidence = 0.10309979218342318
2021-07-11 22:12:32,438 DEBUG [chardet.charsetprober] get_confidence:100: ISO-8859-9 Turkish confidence = 0.3996740761293778
2021-07-11 22:12:32,438 DEBUG [chardet.charsetprober] get_confidence:100: windows-1255 Hebrew confidence = 0.0
2021-07-11 22:12:32,438 DEBUG [chardet.charsetprober] get_confidence:100: windows-1255 Hebrew confidence = 0.0
2021-07-11 22:12:32,438 DEBUG [chardet.charsetprober] get_confidence:100: windows-1255 Hebrew confidence = 0.0
2021-07-11 22:12:32,438 DEBUG [chardet.charsetprober] get_confidence:100: utf-8  confidence = 0.99
2021-07-11 22:12:32,438 DEBUG [chardet.charsetprober] get_confidence:100: SHIFT_JIS Japanese confidence = 0.01
2021-07-11 22:12:32,438 DEBUG [chardet.charsetprober] get_confidence:100: EUC-JP Japanese confidence = 0.01
2021-07-11 22:12:32,438 DEBUG [chardet.charsetprober] get_confidence:100: GB2312 Chinese confidence = 0.01
2021-07-11 22:12:32,439 DEBUG [chardet.charsetprober] get_confidence:100: EUC-KR Korean confidence = 0.01
2021-07-11 22:12:32,439 DEBUG [chardet.charsetprober] get_confidence:100: CP949 Korean confidence = 0.01
2021-07-11 22:12:32,439 DEBUG [chardet.charsetprober] get_confidence:100: Big5 Chinese confidence = 0.01
2021-07-11 22:12:32,439 DEBUG [chardet.charsetprober] get_confidence:100: EUC-TW Taiwan confidence = 0.01
2021-07-11 22:12:32,451 DEBUG [chardet.charsetprober] get_confidence:100: utf-8  confidence = 0.99
2021-07-11 22:12:32,451 DEBUG [chardet.charsetprober] get_confidence:100: SHIFT_JIS Japanese confidence = 0.01
2021-07-11 22:12:32,451 DEBUG [chardet.charsetprober] get_confidence:100: EUC-JP Japanese confidence = 0.01
2021-07-11 22:12:32,451 DEBUG [chardet.charsetprober] get_confidence:100: GB2312 Chinese confidence = 0.01
2021-07-11 22:12:32,451 DEBUG [chardet.charsetprober] get_confidence:100: EUC-KR Korean confidence = 0.01
2021-07-11 22:12:32,451 DEBUG [chardet.charsetprober] get_confidence:100: CP949 Korean confidence = 0.01
2021-07-11 22:12:32,451 DEBUG [chardet.charsetprober] get_confidence:100: Big5 Chinese confidence = 0.01
2021-07-11 22:12:32,451 DEBUG [chardet.charsetprober] get_confidence:100: EUC-TW Taiwan confidence = 0.01
2021-07-11 22:12:32,451 DEBUG [chardet.charsetprober] get_confidence:100: windows-1251 Russian confidence = 0.01
2021-07-11 22:12:32,451 DEBUG [chardet.charsetprober] get_confidence:100: KOI8-R Russian confidence = 0.01
2021-07-11 22:12:32,451 DEBUG [chardet.charsetprober] get_confidence:100: ISO-8859-5 Russian confidence = 0.0
2021-07-11 22:12:32,452 DEBUG [chardet.charsetprober] get_confidence:100: MacCyrillic Russian confidence = 0.03340373643191467
2021-07-11 22:12:32,452 DEBUG [chardet.charsetprober] get_confidence:100: IBM866 Russian confidence = 0.09538729687862892
2021-07-11 22:12:32,452 DEBUG [chardet.charsetprober] get_confidence:100: IBM855 Russian confidence = 0.08483879730025437
2021-07-11 22:12:32,452 DEBUG [chardet.charsetprober] get_confidence:100: ISO-8859-7 Greek confidence = 0.0
2021-07-11 22:12:32,452 DEBUG [chardet.charsetprober] get_confidence:100: windows-1253 Greek confidence = 0.0
2021-07-11 22:12:32,452 DEBUG [chardet.charsetprober] get_confidence:100: ISO-8859-5 Bulgairan confidence = 0.0
2021-07-11 22:12:32,452 DEBUG [chardet.charsetprober] get_confidence:100: windows-1251 Bulgarian confidence = 0.0
2021-07-11 22:12:32,452 DEBUG [chardet.charsetprober] get_confidence:100: TIS-620 Thai confidence = 0.104662927211424
2021-07-11 22:12:32,452 DEBUG [chardet.charsetprober] get_confidence:100: ISO-8859-9 Turkish confidence = 0.37658112619724476
2021-07-11 22:12:32,452 DEBUG [chardet.charsetprober] get_confidence:100: windows-1255 Hebrew confidence = 0.0
2021-07-11 22:12:32,452 DEBUG [chardet.charsetprober] get_confidence:100: windows-1255 Hebrew confidence = 0.0
2021-07-11 22:12:32,452 DEBUG [chardet.charsetprober] get_confidence:100: windows-1255 Hebrew confidence = 0.0
2021-07-11 22:12:32,452 DEBUG [chardet.charsetprober] get_confidence:100: utf-8  confidence = 0.99
2021-07-11 22:12:32,452 DEBUG [chardet.charsetprober] get_confidence:100: SHIFT_JIS Japanese confidence = 0.01
2021-07-11 22:12:32,452 DEBUG [chardet.charsetprober] get_confidence:100: EUC-JP Japanese confidence = 0.01
2021-07-11 22:12:32,452 DEBUG [chardet.charsetprober] get_confidence:100: GB2312 Chinese confidence = 0.01
2021-07-11 22:12:32,452 DEBUG [chardet.charsetprober] get_confidence:100: EUC-KR Korean confidence = 0.01
2021-07-11 22:12:32,453 DEBUG [chardet.charsetprober] get_confidence:100: CP949 Korean confidence = 0.01
2021-07-11 22:12:32,453 DEBUG [chardet.charsetprober] get_confidence:100: Big5 Chinese confidence = 0.01
2021-07-11 22:12:32,453 DEBUG [chardet.charsetprober] get_confidence:100: EUC-TW Taiwan confidence = 0.01
