2021-07-11 22:12:01,315 DEBUG [chardet.charsetprober] get_confidence:100: utf-8  confidence = 0.99
2021-07-11 22:12:01,315 DEBUG [chardet.charsetprober] get_confidence:100: SHIFT_JIS Japanese confidence = 0.01
2021-07-11 22:12:01,315 DEBUG [chardet.charsetprober] get_confidence:100: EUC-JP Japanese confidence = 0.01
2021-07-11 22:12:01,315 DEBUG [chardet.charsetprober] get_confidence:100: GB2312 Chinese confidence = 0.01
2021-07-11 22:12:01,315 DEBUG [chardet.charsetprober] get_confidence:100: EUC-KR Korean confidence = 0.01
2021-07-11 22:12:01,316 DEBUG [chardet.charsetprober] get_confidence:100: CP949 Korean confidence = 0.01
2021-07-11 22:12:01,316 DEBUG [chardet.charsetprober] get_confidence:100: Big5 Chinese confidence = 0.01
2021-07-11 22:12:01,317 DEBUG [chardet.charsetprober] get_confidence:100: EUC-TW Taiwan confidence = 0.01
2021-07-11 22:12:01,317 DEBUG [chardet.charsetprober] get_confidence:100: windows-1251 Russian confidence = 0.01
2021-07-11 22:12:01,317 DEBUG [chardet.charsetprober] get_confidence:100: KOI8-R Russian confidence = 0.01
2021-07-11 22:12:01,317 DEBUG [chardet.charsetprober] get_confidence:100: ISO-8859-5 Russian confidence = 0.0
2021-07-11 22:12:01,317 DEBUG [chardet.charsetprober] get_confidence:100: MacCyrillic Russian confidence = 0.13032213490742614
2021-07-11 22:12:01,317 DEBUG [chardet.charsetprober] get_confidence:100: IBM866 Russian confidence = 0.0
2021-07-11 22:12:01,317 DEBUG [chardet.charsetprober] get_confidence:100: IBM855 Russian confidence = 0.12411631895945346
2021-07-11 22:12:01,317 DEBUG [chardet.charsetprober] get_confidence:100: ISO-8859-7 Greek confidence = 0.0
2021-07-11 22:12:01,317 DEBUG [chardet.charsetprober] get_confidence:100: windows-1253 Greek confidence = 0.0
2021-07-11 22:12:01,317 DEBUG [chardet.charsetprober] get_confidence:100: ISO-8859-5 Bulgairan confidence = 0.0
2021-07-11 22:12:01,317 DEBUG [chardet.charsetprober] get_confidence:100: windows-1251 Bulgarian confidence = 0.01
2021-07-11 22:12:01,317 DEBUG [chardet.charsetprober] get_confidence:100: TIS-620 Thai confidence = 0.28785696962893076
2021-07-11 22:12:01,318 DEBUG [chardet.charsetprober] get_confidence:100: ISO-8859-9 Turkish confidence = 0.43037129821104014
2021-07-11 22:12:01,318 DEBUG [chardet.charsetprober] get_confidence:100: windows-1255 Hebrew confidence = 0.0
2021-07-11 22:12:01,318 DEBUG [chardet.charsetprober] get_confidence:100: windows-1255 Hebrew confidence = 0.0
2021-07-11 22:12:01,318 DEBUG [chardet.charsetprober] get_confidence:100: windows-1255 Hebrew confidence = 0.0
2021-07-11 22:12:01,318 DEBUG [chardet.charsetprober] get_confidence:100: utf-8  confidence = 0.99
2021-07-11 22:12:01,318 DEBUG [chardet.charsetprober] get_confidence:100: SHIFT_JIS Japanese confidence = 0.01
2021-07-11 22:12:01,318 DEBUG [chardet.charsetprober] get_confidence:100: EUC-JP Japanese confidence = 0.01
2021-07-11 22:12:01,318 DEBUG [chardet.charsetprober] get_confidence:100: GB2312 Chinese confidence = 0.01
2021-07-11 22:12:01,318 DEBUG [chardet.charsetprober] get_confidence:100: EUC-KR Korean confidence = 0.01
2021-07-11 22:12:01,318 DEBUG [chardet.charsetprober] get_confidence:100: CP949 Korean confidence = 0.01
2021-07-11 22:12:01,318 DEBUG [chardet.charsetprober] get_confidence:100: Big5 Chinese confidence = 0.01
2021-07-11 22:12:01,318 DEBUG [chardet.charsetprober] get_confidence:100: EUC-TW Taiwan confidence = 0.01
2021-07-11 22:12:01,320 DEBUG [chardet.charsetprober] get_confidence:100: utf-8  confidence = 0.99
2021-07-11 22:12:01,320 DEBUG [chardet.charsetprober] get_confidence:100: SHIFT_JIS Japanese confidence = 0.01
2021-07-11 22:12:01,320 DEBUG [chardet.charsetprober] get_confidence:100: EUC-JP Japanese confidence = 0.01
2021-07-11 22:12:01,321 DEBUG [chardet.charsetprober] get_confidence:100: GB2312 Chinese confidence = 0.01
2021-07-11 22:12:01,321 DEBUG [chardet.charsetprober] get_confidence:100: EUC-KR Korean confidence = 0.01
2021-07-11 22:12:01,321 DEBUG [chardet.charsetprober] get_confidence:100: CP949 Korean confidence = 0.01
2021-07-11 22:12:01,321 DEBUG [chardet.charsetprober] get_confidence:100: Big5 Chinese confidence = 0.01
2021-07-11 22:12:01,321 DEBUG [chardet.charsetprober] get_confidence:100: EUC-TW Taiwan confidence = 0.01
2021-07-11 22:12:01,321 DEBUG [chardet.charsetprober] get_confidence:100: windows-1251 Russian confidence = 0.01
2021-07-11 22:12:01,321 DEBUG [chardet.charsetprober] get_confidence:100: KOI8-R Russian confidence = 0.01
2021-07-11 22:12:01,321 DEBUG [chardet.charsetprober] get_confidence:100: ISO-8859-5 Russian confidence = 0.0
2021-07-11 22:12:01,321 DEBUG [chardet.charsetprober] get_confidence:100: MacCyrillic Russian confidence = 0.13032213490742614
2021-07-11 22:12:01,321 DEBUG [chardet.charsetprober] get_confidence:100: IBM866 Russian confidence = 0.0
2021-07-11 22:12:01,321 DEBUG [chardet.charsetprober] get_confidence:100: IBM855 Russian confidence = 0.12411631895945346
2021-07-11 22:12:01,321 DEBUG [chardet.charsetprober] get_confidence:100: ISO-8859-7 Greek confidence = 0.0
2021-07-11 22:12:01,321 DEBUG [chardet.charsetprober] get_confidence:100: windows-1253 Greek confidence = 0.0
2021-07-11 22:12:01,321 DEBUG [chardet.charsetprober] get_confidence:100: ISO-8859-5 Bulgairan confidence = 0.0
2021-07-11 22:12:01,321 DEBUG [chardet.charsetprober] get_confidence:100: windows-1251 Bulgarian confidence = 0.01
2021-07-11 22:12:01,321 DEBUG [chardet.charsetprober] get_confidence:100: TIS-620 Thai confidence = 0.28785696962893076
2021-07-11 22:12:01,322 DEBUG [chardet.charsetprober] get_confidence:100: ISO-8859-9 Turkish confidence = 0.40625781165594815
2021-07-11 22:12:01,322 DEBUG [chardet.charsetprober] get_confidence:100: windows-1255 Hebrew confidence = 0.0
2021-07-11 22:12:01,322 DEBUG [chardet.charsetprober] get_confidence:100: windows-1255 Hebrew confidence = 0.0
2021-07-11 22:12:01,322 DEBUG [chardet.charsetprober] get_confidence:100: windows-1255 Hebrew confidence = 0.0
2021-07-11 22:12:01,322 DEBUG [chardet.charsetprober] get_confidence:100: utf-8  confidence = 0.99
2021-07-11 22:12:01,322 DEBUG [chardet.charsetprober] get_confidence:100: SHIFT_JIS Japanese confidence = 0.01
2021-07-11 22:12:01,322 DEBUG [chardet.charsetprober] get_confidence:100: EUC-JP Japanese confidence = 0.01
2021-07-11 22:12:01,322 DEBUG [chardet.charsetprober] get_confidence:100: GB2312 Chinese confidence = 0.01
2021-07-11 22:12:01,322 DEBUG [chardet.charsetprober] get_confidence:100: EUC-KR Korean confidence = 0.01
2021-07-11 22:12:01,322 DEBUG [chardet.charsetprober] get_confidence:100: CP949 Korean confidence = 0.01
2021-07-11 22:12:01,322 DEBUG [chardet.charsetprober] get_confidence:100: Big5 Chinese confidence = 0.01
2021-07-11 22:12:01,322 DEBUG [chardet.charsetprober] get_confidence:100: EUC-TW Taiwan confidence = 0.01
2021-07-11 22:12:01,334 DEBUG [chardet.charsetprober] get_confidence:100: utf-8  confidence = 0.99
2021-07-11 22:12:01,335 DEBUG [chardet.charsetprober] get_confidence:100: SHIFT_JIS Japanese confidence = 0.01
2021-07-11 22:12:01,335 DEBUG [chardet.charsetprober] get_confidence:100: EUC-JP Japanese confidence = 0.01
2021-07-11 22:12:01,335 DEBUG [chardet.charsetprober] get_confidence:100: GB2312 Chinese confidence = 0.01
2021-07-11 22:12:01,335 DEBUG [chardet.charsetprober] get_confidence:100: EUC-KR Korean confidence = 0.01
2021-07-11 22:12:01,335 DEBUG [chardet.charsetprober] get_confidence:100: CP949 Korean confidence = 0.01
2021-07-11 22:12:01,335 DEBUG [chardet.charsetprober] get_confidence:100: Big5 Chinese confidence = 0.01
2021-07-11 22:12:01,335 DEBUG [chardet.charsetprober] get_confidence:100: EUC-TW Taiwan confidence = 0.01
2021-07-11 22:12:01,335 DEBUG [chardet.charsetprober] get_confidence:100: windows-1251 Russian confidence = 0.01
2021-07-11 22:12:01,335 DEBUG [chardet.charsetprober] get_confidence:100: KOI8-R Russian confidence = 0.01
2021-07-11 22:12:01,335 DEBUG [chardet.charsetprober] get_confidence:100: ISO-8859-5 Russian confidence = 0.0
2021-07-11 22:12:01,335 DEBUG [chardet.charsetprober] get_confidence:100: MacCyrillic Russian confidence = 0.034752569308646966
2021-07-11 22:12:01,335 DEBUG [chardet.charsetprober] get_confidence:100: IBM866 Russian confidence = 0.09546454409812116
2021-07-11 22:12:01,335 DEBUG [chardet.charsetprober] get_confidence:100: IBM855 Russian confidence = 0.08743517300235959
2021-07-11 22:12:01,335 DEBUG [chardet.charsetprober] get_confidence:100: ISO-8859-7 Greek confidence = 0.0
2021-07-11 22:12:01,336 DEBUG [chardet.charsetprober] get_confidence:100: windows-1253 Greek confidence = 0.0
2021-07-11 22:12:01,336 DEBUG [chardet.charsetprober] get_confidence:100: ISO-8859-5 Bulgairan confidence = 0.0
2021-07-11 22:12:01,336 DEBUG [chardet.charsetprober] get_confidence:100: windows-1251 Bulgarian confidence = 0.0
2021-07-11 22:12:01,336 DEBUG [chardet.charsetprober] get_confidence:100: TIS-620 Thai confidence = 0.10309979218342318
2021-07-11 22:12:01,336 DEBUG [chardet.charsetprober] get_confidence:100: ISO-8859-9 Turkish confidence = 0.40145324114860437
2021-07-11 22:12:01,336 DEBUG [chardet.charsetprober] get_confidence:100: windows-1255 Hebrew confidence = 0.0
2021-07-11 22:12:01,336 DEBUG [chardet.charsetprober] get_confidence:100: windows-1255 Hebrew confidence = 0.0
2021-07-11 22:12:01,336 DEBUG [chardet.charsetprober] get_confidence:100: windows-1255 Hebrew confidence = 0.0
2021-07-11 22:12:01,336 DEBUG [chardet.charsetprober] get_confidence:100: utf-8  confidence = 0.99
2021-07-11 22:12:01,336 DEBUG [chardet.charsetprober] get_confidence:100: SHIFT_JIS Japanese confidence = 0.01
2021-07-11 22:12:01,336 DEBUG [chardet.charsetprober] get_confidence:100: EUC-JP Japanese confidence = 0.01
2021-07-11 22:12:01,336 DEBUG [chardet.charsetprober] get_confidence:100: GB2312 Chinese confidence = 0.01
2021-07-11 22:12:01,336 DEBUG [chardet.charsetprober] get_confidence:100: EUC-KR Korean confidence = 0.01
2021-07-11 22:12:01,336 DEBUG [chardet.charsetprober] get_confidence:100: CP949 Korean confidence = 0.01
2021-07-11 22:12:01,336 DEBUG [chardet.charsetprober] get_confidence:100: Big5 Chinese confidence = 0.01
2021-07-11 22:12:01,336 DEBUG [chardet.charsetprober] get_confidence:100: EUC-TW Taiwan confidence = 0.01
2021-07-11 22:12:01,347 DEBUG [chardet.charsetprober] get_confidence:100: utf-8  confidence = 0.99
2021-07-11 22:12:01,347 DEBUG [chardet.charsetprober] get_confidence:100: SHIFT_JIS Japanese confidence = 0.01
2021-07-11 22:12:01,347 DEBUG [chardet.charsetprober] get_confidence:100: EUC-JP Japanese confidence = 0.01
2021-07-11 22:12:01,348 DEBUG [chardet.charsetprober] get_confidence:100: GB2312 Chinese confidence = 0.01
2021-07-11 22:12:01,348 DEBUG [chardet.charsetprober] get_confidence:100: EUC-KR Korean confidence = 0.01
2021-07-11 22:12:01,348 DEBUG [chardet.charsetprober] get_confidence:100: CP949 Korean confidence = 0.01
2021-07-11 22:12:01,348 DEBUG [chardet.charsetprober] get_confidence:100: Big5 Chinese confidence = 0.01
2021-07-11 22:12:01,348 DEBUG [chardet.charsetprober] get_confidence:100: EUC-TW Taiwan confidence = 0.01
2021-07-11 22:12:01,348 DEBUG [chardet.charsetprober] get_confidence:100: windows-1251 Russian confidence = 0.01
2021-07-11 22:12:01,348 DEBUG [chardet.charsetprober] get_confidence:100: KOI8-R Russian confidence = 0.01
2021-07-11 22:12:01,348 DEBUG [chardet.charsetprober] get_confidence:100: ISO-8859-5 Russian confidence = 0.0
2021-07-11 22:12:01,348 DEBUG [chardet.charsetprober] get_confidence:100: MacCyrillic Russian confidence = 0.034752569308646966
2021-07-11 22:12:01,348 DEBUG [chardet.charsetprober] get_confidence:100: IBM866 Russian confidence = 0.09546454409812116
2021-07-11 22:12:01,348 DEBUG [chardet.charsetprober] get_confidence:100: IBM855 Russian confidence = 0.08743517300235959
2021-07-11 22:12:01,348 DEBUG [chardet.charsetprober] get_confidence:100: ISO-8859-7 Greek confidence = 0.0
2021-07-11 22:12:01,348 DEBUG [chardet.charsetprober] get_confidence:100: windows-1253 Greek confidence = 0.0
2021-07-11 22:12:01,348 DEBUG [chardet.charsetprober] get_confidence:100: ISO-8859-5 Bulgairan confidence = 0.0
2021-07-11 22:12:01,348 DEBUG [chardet.charsetprober] get_confidence:100: windows-1251 Bulgarian confidence = 0.0
2021-07-11 22:12:01,348 DEBUG [chardet.charsetprober] get_confidence:100: TIS-620 Thai confidence = 0.10309979218342318
2021-07-11 22:12:01,348 DEBUG [chardet.charsetprober] get_confidence:100: ISO-8859-9 Turkish confidence = 0.39436636022682375
2021-07-11 22:12:01,349 DEBUG [chardet.charsetprober] get_confidence:100: windows-1255 Hebrew confidence = 0.0
2021-07-11 22:12:01,349 DEBUG [chardet.charsetprober] get_confidence:100: windows-1255 Hebrew confidence = 0.0
2021-07-11 22:12:01,349 DEBUG [chardet.charsetprober] get_confidence:100: windows-1255 Hebrew confidence = 0.0
2021-07-11 22:12:01,349 DEBUG [chardet.charsetprober] get_confidence:100: utf-8  confidence = 0.99
2021-07-11 22:12:01,349 DEBUG [chardet.charsetprober] get_confidence:100: SHIFT_JIS Japanese confidence = 0.01
2021-07-11 22:12:01,349 DEBUG [chardet.charsetprober] get_confidence:100: EUC-JP Japanese confidence = 0.01
2021-07-11 22:12:01,349 DEBUG [chardet.charsetprober] get_confidence:100: GB2312 Chinese confidence = 0.01
2021-07-11 22:12:01,349 DEBUG [chardet.charsetprober] get_confidence:100: EUC-KR Korean confidence = 0.01
2021-07-11 22:12:01,349 DEBUG [chardet.charsetprober] get_confidence:100: CP949 Korean confidence = 0.01
2021-07-11 22:12:01,349 DEBUG [chardet.charsetprober] get_confidence:100: Big5 Chinese confidence = 0.01
2021-07-11 22:12:01,349 DEBUG [chardet.charsetprober] get_confidence:100: EUC-TW Taiwan confidence = 0.01
2021-07-11 22:12:01,361 DEBUG [chardet.charsetprober] get_confidence:100: utf-8  confidence = 0.99
2021-07-11 22:12:01,361 DEBUG [chardet.charsetprober] get_confidence:100: SHIFT_JIS Japanese confidence = 0.01
2021-07-11 22:12:01,361 DEBUG [chardet.charsetprober] get_confidence:100: EUC-JP Japanese confidence = 0.01
2021-07-11 22:12:01,361 DEBUG [chardet.charsetprober] get_confidence:100: GB2312 Chinese confidence = 0.01
2021-07-11 22:12:01,361 DEBUG [chardet.charsetprober] get_confidence:100: EUC-KR Korean confidence = 0.01
2021-07-11 22:12:01,361 DEBUG [chardet.charsetprober] get_confidence:100: CP949 Korean confidence = 0.01
2021-07-11 22:12:01,361 DEBUG [chardet.charsetprober] get_confidence:100: Big5 Chinese confidence = 0.01
2021-07-11 22:12:01,361 DEBUG [chardet.charsetprober] get_confidence:100: EUC-TW Taiwan confidence = 0.01
2021-07-11 22:12:01,361 DEBUG [chardet.charsetprober] get_confidence:100: windows-1251 Russian confidence = 0.01
2021-07-11 22:12:01,361 DEBUG [chardet.charsetprober] get_confidence:100: KOI8-R Russian confidence = 0.01
2021-07-11 22:12:01,361 DEBUG [chardet.charsetprober] get_confidence:100: ISO-8859-5 Russian confidence = 0.0
2021-07-11 22:12:01,361 DEBUG [chardet.charsetprober] get_confidence:100: MacCyrillic Russian confidence = 0.034752569308646966
2021-07-11 22:12:01,361 DEBUG [chardet.charsetprober] get_confidence:100: IBM866 Russian confidence = 0.09546454409812116
2021-07-11 22:12:01,361 DEBUG [chardet.charsetprober] get_confidence:100: IBM855 Russian confidence = 0.08743517300235959
2021-07-11 22:12:01,361 DEBUG [chardet.charsetprober] get_confidence:100: ISO-8859-7 Greek confidence = 0.0
2021-07-11 22:12:01,361 DEBUG [chardet.charsetprober] get_confidence:100: windows-1253 Greek confidence = 0.0
2021-07-11 22:12:01,361 DEBUG [chardet.charsetprober] get_confidence:100: ISO-8859-5 Bulgairan confidence = 0.0
2021-07-11 22:12:01,362 DEBUG [chardet.charsetprober] get_confidence:100: windows-1251 Bulgarian confidence = 0.0
2021-07-11 22:12:01,362 DEBUG [chardet.charsetprober] get_confidence:100: TIS-620 Thai confidence = 0.10309979218342318
2021-07-11 22:12:01,362 DEBUG [chardet.charsetprober] get_confidence:100: ISO-8859-9 Turkish confidence = 0.39436636022682375
2021-07-11 22:12:01,362 DEBUG [chardet.charsetprober] get_confidence:100: windows-1255 Hebrew confidence = 0.0
2021-07-11 22:12:01,362 DEBUG [chardet.charsetprober] get_confidence:100: windows-1255 Hebrew confidence = 0.0
2021-07-11 22:12:01,362 DEBUG [chardet.charsetprober] get_confidence:100: windows-1255 Hebrew confidence = 0.0
2021-07-11 22:12:01,362 DEBUG [chardet.charsetprober] get_confidence:100: utf-8  confidence = 0.99
2021-07-11 22:12:01,362 DEBUG [chardet.charsetprober] get_confidence:100: SHIFT_JIS Japanese confidence = 0.01
2021-07-11 22:12:01,362 DEBUG [chardet.charsetprober] get_confidence:100: EUC-JP Japanese confidence = 0.01
2021-07-11 22:12:01,362 DEBUG [chardet.charsetprober] get_confidence:100: GB2312 Chinese confidence = 0.01
2021-07-11 22:12:01,362 DEBUG [chardet.charsetprober] get_confidence:100: EUC-KR Korean confidence = 0.01
2021-07-11 22:12:01,362 DEBUG [chardet.charsetprober] get_confidence:100: CP949 Korean confidence = 0.01
2021-07-11 22:12:01,362 DEBUG [chardet.charsetprober] get_confidence:100: Big5 Chinese confidence = 0.01
2021-07-11 22:12:01,362 DEBUG [chardet.charsetprober] get_confidence:100: EUC-TW Taiwan confidence = 0.01
2021-07-11 22:12:01,374 DEBUG [chardet.charsetprober] get_confidence:100: utf-8  confidence = 0.99
2021-07-11 22:12:01,374 DEBUG [chardet.charsetprober] get_confidence:100: SHIFT_JIS Japanese confidence = 0.01
2021-07-11 22:12:01,374 DEBUG [chardet.charsetprober] get_confidence:100: EUC-JP Japanese confidence = 0.01
2021-07-11 22:12:01,374 DEBUG [chardet.charsetprober] get_confidence:100: GB2312 Chinese confidence = 0.01
2021-07-11 22:12:01,375 DEBUG [chardet.charsetprober] get_confidence:100: EUC-KR Korean confidence = 0.01
2021-07-11 22:12:01,375 DEBUG [chardet.charsetprober] get_confidence:100: CP949 Korean confidence = 0.01
2021-07-11 22:12:01,375 DEBUG [chardet.charsetprober] get_confidence:100: Big5 Chinese confidence = 0.01
2021-07-11 22:12:01,375 DEBUG [chardet.charsetprober] get_confidence:100: EUC-TW Taiwan confidence = 0.01
2021-07-11 22:12:01,375 DEBUG [chardet.charsetprober] get_confidence:100: windows-1251 Russian confidence = 0.01
2021-07-11 22:12:01,375 DEBUG [chardet.charsetprober] get_confidence:100: KOI8-R Russian confidence = 0.01
2021-07-11 22:12:01,375 DEBUG [chardet.charsetprober] get_confidence:100: ISO-8859-5 Russian confidence = 0.0
2021-07-11 22:12:01,375 DEBUG [chardet.charsetprober] get_confidence:100: MacCyrillic Russian confidence = 0.034752569308646966
2021-07-11 22:12:01,375 DEBUG [chardet.charsetprober] get_confidence:100: IBM866 Russian confidence = 0.09546454409812116
2021-07-11 22:12:01,375 DEBUG [chardet.charsetprober] get_confidence:100: IBM855 Russian confidence = 0.08743517300235959
2021-07-11 22:12:01,375 DEBUG [chardet.charsetprober] get_confidence:100: ISO-8859-7 Greek confidence = 0.0
2021-07-11 22:12:01,375 DEBUG [chardet.charsetprober] get_confidence:100: windows-1253 Greek confidence = 0.0
2021-07-11 22:12:01,375 DEBUG [chardet.charsetprober] get_confidence:100: ISO-8859-5 Bulgairan confidence = 0.0
2021-07-11 22:12:01,375 DEBUG [chardet.charsetprober] get_confidence:100: windows-1251 Bulgarian confidence = 0.0
2021-07-11 22:12:01,375 DEBUG [chardet.charsetprober] get_confidence:100: TIS-620 Thai confidence = 0.10309979218342318
2021-07-11 22:12:01,375 DEBUG [chardet.charsetprober] get_confidence:100: ISO-8859-9 Turkish confidence = 0.3996740761293778
2021-07-11 22:12:01,375 DEBUG [chardet.charsetprober] get_confidence:100: windows-1255 Hebrew confidence = 0.0
2021-07-11 22:12:01,376 DEBUG [chardet.charsetprober] get_confidence:100: windows-1255 Hebrew confidence = 0.0
2021-07-11 22:12:01,376 DEBUG [chardet.charsetprober] get_confidence:100: windows-1255 Hebrew confidence = 0.0
2021-07-11 22:12:01,376 DEBUG [chardet.charsetprober] get_confidence:100: utf-8  confidence = 0.99
2021-07-11 22:12:01,376 DEBUG [chardet.charsetprober] get_confidence:100: SHIFT_JIS Japanese confidence = 0.01
2021-07-11 22:12:01,376 DEBUG [chardet.charsetprober] get_confidence:100: EUC-JP Japanese confidence = 0.01
2021-07-11 22:12:01,376 DEBUG [chardet.charsetprober] get_confidence:100: GB2312 Chinese confidence = 0.01
2021-07-11 22:12:01,376 DEBUG [chardet.charsetprober] get_confidence:100: EUC-KR Korean confidence = 0.01
2021-07-11 22:12:01,376 DEBUG [chardet.charsetprober] get_confidence:100: CP949 Korean confidence = 0.01
2021-07-11 22:12:01,376 DEBUG [chardet.charsetprober] get_confidence:100: Big5 Chinese confidence = 0.01
2021-07-11 22:12:01,376 DEBUG [chardet.charsetprober] get_confidence:100: EUC-TW Taiwan confidence = 0.01
2021-07-11 22:12:01,386 DEBUG [chardet.charsetprober] get_confidence:100: utf-8  confidence = 0.99
2021-07-11 22:12:01,386 DEBUG [chardet.charsetprober] get_confidence:100: SHIFT_JIS Japanese confidence = 0.01
2021-07-11 22:12:01,386 DEBUG [chardet.charsetprober] get_confidence:100: EUC-JP Japanese confidence = 0.01
2021-07-11 22:12:01,386 DEBUG [chardet.charsetprober] get_confidence:100: GB2312 Chinese confidence = 0.01
2021-07-11 22:12:01,387 DEBUG [chardet.charsetprober] get_confidence:100: EUC-KR Korean confidence = 0.01
2021-07-11 22:12:01,387 DEBUG [chardet.charsetprober] get_confidence:100: CP949 Korean confidence = 0.01
2021-07-11 22:12:01,387 DEBUG [chardet.charsetprober] get_confidence:100: Big5 Chinese confidence = 0.01
2021-07-11 22:12:01,387 DEBUG [chardet.charsetprober] get_confidence:100: EUC-TW Taiwan confidence = 0.01
2021-07-11 22:12:01,387 DEBUG [chardet.charsetprober] get_confidence:100: windows-1251 Russian confidence = 0.01
2021-07-11 22:12:01,387 DEBUG [chardet.charsetprober] get_confidence:100: KOI8-R Russian confidence = 0.01
2021-07-11 22:12:01,387 DEBUG [chardet.charsetprober] get_confidence:100: ISO-8859-5 Russian confidence = 0.0
2021-07-11 22:12:01,387 DEBUG [chardet.charsetprober] get_confidence:100: MacCyrillic Russian confidence = 0.03340373643191467
2021-07-11 22:12:01,387 DEBUG [chardet.charsetprober] get_confidence:100: IBM866 Russian confidence = 0.09538729687862892
2021-07-11 22:12:01,387 DEBUG [chardet.charsetprober] get_confidence:100: IBM855 Russian confidence = 0.08483879730025437
2021-07-11 22:12:01,387 DEBUG [chardet.charsetprober] get_confidence:100: ISO-8859-7 Greek confidence = 0.0
2021-07-11 22:12:01,387 DEBUG [chardet.charsetprober] get_confidence:100: windows-1253 Greek confidence = 0.0
2021-07-11 22:12:01,387 DEBUG [chardet.charsetprober] get_confidence:100: ISO-8859-5 Bulgairan confidence = 0.0
2021-07-11 22:12:01,387 DEBUG [chardet.charsetprober] get_confidence:100: windows-1251 Bulgarian confidence = 0.0
2021-07-11 22:12:01,387 DEBUG [chardet.charsetprober] get_confidence:100: TIS-620 Thai confidence = 0.104662927211424
2021-07-11 22:12:01,387 DEBUG [chardet.charsetprober] get_confidence:100: ISO-8859-9 Turkish confidence = 0.37658112619724476
2021-07-11 22:12:01,387 DEBUG [chardet.charsetprober] get_confidence:100: windows-1255 Hebrew confidence = 0.0
2021-07-11 22:12:01,387 DEBUG [chardet.charsetprober] get_confidence:100: windows-1255 Hebrew confidence = 0.0
2021-07-11 22:12:01,388 DEBUG [chardet.charsetprober] get_confidence:100: windows-1255 Hebrew confidence = 0.0
2021-07-11 22:12:01,388 DEBUG [chardet.charsetprober] get_confidence:100: utf-8  confidence = 0.99
2021-07-11 22:12:01,388 DEBUG [chardet.charsetprober] get_confidence:100: SHIFT_JIS Japanese confidence = 0.01
2021-07-11 22:12:01,388 DEBUG [chardet.charsetprober] get_confidence:100: EUC-JP Japanese confidence = 0.01
2021-07-11 22:12:01,388 DEBUG [chardet.charsetprober] get_confidence:100: GB2312 Chinese confidence = 0.01
2021-07-11 22:12:01,388 DEBUG [chardet.charsetprober] get_confidence:100: EUC-KR Korean confidence = 0.01
2021-07-11 22:12:01,388 DEBUG [chardet.charsetprober] get_confidence:100: CP949 Korean confidence = 0.01
2021-07-11 22:12:01,388 DEBUG [chardet.charsetprober] get_confidence:100: Big5 Chinese confidence = 0.01
2021-07-11 22:12:01,388 DEBUG [chardet.charsetprober] get_confidence:100: EUC-TW Taiwan confidence = 0.01
