2021-07-09 18:33:10,441 DEBUG [chardet.charsetprober] get_confidence:100: utf-8  confidence = 0.99
2021-07-09 18:33:10,442 DEBUG [chardet.charsetprober] get_confidence:100: SHIFT_JIS Japanese confidence = 0.01
2021-07-09 18:33:10,442 DEBUG [chardet.charsetprober] get_confidence:100: EUC-JP Japanese confidence = 0.01
2021-07-09 18:33:10,443 DEBUG [chardet.charsetprober] get_confidence:100: GB2312 Chinese confidence = 0.01
2021-07-09 18:33:10,443 DEBUG [chardet.charsetprober] get_confidence:100: EUC-KR Korean confidence = 0.01
2021-07-09 18:33:10,444 DEBUG [chardet.charsetprober] get_confidence:100: CP949 Korean confidence = 0.01
2021-07-09 18:33:10,445 DEBUG [chardet.charsetprober] get_confidence:100: Big5 Chinese confidence = 0.01
2021-07-09 18:33:10,445 DEBUG [chardet.charsetprober] get_confidence:100: EUC-TW Taiwan confidence = 0.01
2021-07-09 18:33:10,445 DEBUG [chardet.charsetprober] get_confidence:100: windows-1251 Russian confidence = 0.01
2021-07-09 18:33:10,446 DEBUG [chardet.charsetprober] get_confidence:100: KOI8-R Russian confidence = 0.01
2021-07-09 18:33:10,446 DEBUG [chardet.charsetprober] get_confidence:100: ISO-8859-5 Russian confidence = 0.0
2021-07-09 18:33:10,446 DEBUG [chardet.charsetprober] get_confidence:100: MacCyrillic Russian confidence = 0.13032213490742614
2021-07-09 18:33:10,447 DEBUG [chardet.charsetprober] get_confidence:100: IBM866 Russian confidence = 0.0
2021-07-09 18:33:10,447 DEBUG [chardet.charsetprober] get_confidence:100: IBM855 Russian confidence = 0.12411631895945346
2021-07-09 18:33:10,447 DEBUG [chardet.charsetprober] get_confidence:100: ISO-8859-7 Greek confidence = 0.0
2021-07-09 18:33:10,448 DEBUG [chardet.charsetprober] get_confidence:100: windows-1253 Greek confidence = 0.0
2021-07-09 18:33:10,448 DEBUG [chardet.charsetprober] get_confidence:100: ISO-8859-5 Bulgairan confidence = 0.0
2021-07-09 18:33:10,448 DEBUG [chardet.charsetprober] get_confidence:100: windows-1251 Bulgarian confidence = 0.01
2021-07-09 18:33:10,449 DEBUG [chardet.charsetprober] get_confidence:100: TIS-620 Thai confidence = 0.28785696962893076
2021-07-09 18:33:10,449 DEBUG [chardet.charsetprober] get_confidence:100: ISO-8859-9 Turkish confidence = 0.43037129821104014
2021-07-09 18:33:10,449 DEBUG [chardet.charsetprober] get_confidence:100: windows-1255 Hebrew confidence = 0.0
2021-07-09 18:33:10,450 DEBUG [chardet.charsetprober] get_confidence:100: windows-1255 Hebrew confidence = 0.0
2021-07-09 18:33:10,450 DEBUG [chardet.charsetprober] get_confidence:100: windows-1255 Hebrew confidence = 0.0
2021-07-09 18:33:10,450 DEBUG [chardet.charsetprober] get_confidence:100: utf-8  confidence = 0.99
2021-07-09 18:33:10,451 DEBUG [chardet.charsetprober] get_confidence:100: SHIFT_JIS Japanese confidence = 0.01
2021-07-09 18:33:10,451 DEBUG [chardet.charsetprober] get_confidence:100: EUC-JP Japanese confidence = 0.01
2021-07-09 18:33:10,451 DEBUG [chardet.charsetprober] get_confidence:100: GB2312 Chinese confidence = 0.01
2021-07-09 18:33:10,452 DEBUG [chardet.charsetprober] get_confidence:100: EUC-KR Korean confidence = 0.01
2021-07-09 18:33:10,452 DEBUG [chardet.charsetprober] get_confidence:100: CP949 Korean confidence = 0.01
2021-07-09 18:33:10,452 DEBUG [chardet.charsetprober] get_confidence:100: Big5 Chinese confidence = 0.01
2021-07-09 18:33:10,453 DEBUG [chardet.charsetprober] get_confidence:100: EUC-TW Taiwan confidence = 0.01
2021-07-09 18:33:10,455 DEBUG [chardet.charsetprober] get_confidence:100: utf-8  confidence = 0.99
2021-07-09 18:33:10,455 DEBUG [chardet.charsetprober] get_confidence:100: SHIFT_JIS Japanese confidence = 0.01
2021-07-09 18:33:10,455 DEBUG [chardet.charsetprober] get_confidence:100: EUC-JP Japanese confidence = 0.01
2021-07-09 18:33:10,456 DEBUG [chardet.charsetprober] get_confidence:100: GB2312 Chinese confidence = 0.01
2021-07-09 18:33:10,456 DEBUG [chardet.charsetprober] get_confidence:100: EUC-KR Korean confidence = 0.01
2021-07-09 18:33:10,456 DEBUG [chardet.charsetprober] get_confidence:100: CP949 Korean confidence = 0.01
2021-07-09 18:33:10,457 DEBUG [chardet.charsetprober] get_confidence:100: Big5 Chinese confidence = 0.01
2021-07-09 18:33:10,457 DEBUG [chardet.charsetprober] get_confidence:100: EUC-TW Taiwan confidence = 0.01
2021-07-09 18:33:10,457 DEBUG [chardet.charsetprober] get_confidence:100: windows-1251 Russian confidence = 0.01
2021-07-09 18:33:10,458 DEBUG [chardet.charsetprober] get_confidence:100: KOI8-R Russian confidence = 0.01
2021-07-09 18:33:10,458 DEBUG [chardet.charsetprober] get_confidence:100: ISO-8859-5 Russian confidence = 0.0
2021-07-09 18:33:10,458 DEBUG [chardet.charsetprober] get_confidence:100: MacCyrillic Russian confidence = 0.13032213490742614
2021-07-09 18:33:10,459 DEBUG [chardet.charsetprober] get_confidence:100: IBM866 Russian confidence = 0.0
2021-07-09 18:33:10,459 DEBUG [chardet.charsetprober] get_confidence:100: IBM855 Russian confidence = 0.12411631895945346
2021-07-09 18:33:10,459 DEBUG [chardet.charsetprober] get_confidence:100: ISO-8859-7 Greek confidence = 0.0
2021-07-09 18:33:10,460 DEBUG [chardet.charsetprober] get_confidence:100: windows-1253 Greek confidence = 0.0
2021-07-09 18:33:10,460 DEBUG [chardet.charsetprober] get_confidence:100: ISO-8859-5 Bulgairan confidence = 0.0
2021-07-09 18:33:10,460 DEBUG [chardet.charsetprober] get_confidence:100: windows-1251 Bulgarian confidence = 0.01
2021-07-09 18:33:10,461 DEBUG [chardet.charsetprober] get_confidence:100: TIS-620 Thai confidence = 0.28785696962893076
2021-07-09 18:33:10,461 DEBUG [chardet.charsetprober] get_confidence:100: ISO-8859-9 Turkish confidence = 0.40625781165594815
2021-07-09 18:33:10,462 DEBUG [chardet.charsetprober] get_confidence:100: windows-1255 Hebrew confidence = 0.0
2021-07-09 18:33:10,462 DEBUG [chardet.charsetprober] get_confidence:100: windows-1255 Hebrew confidence = 0.0
2021-07-09 18:33:10,462 DEBUG [chardet.charsetprober] get_confidence:100: windows-1255 Hebrew confidence = 0.0
2021-07-09 18:33:10,462 DEBUG [chardet.charsetprober] get_confidence:100: utf-8  confidence = 0.99
2021-07-09 18:33:10,463 DEBUG [chardet.charsetprober] get_confidence:100: SHIFT_JIS Japanese confidence = 0.01
2021-07-09 18:33:10,463 DEBUG [chardet.charsetprober] get_confidence:100: EUC-JP Japanese confidence = 0.01
2021-07-09 18:33:10,463 DEBUG [chardet.charsetprober] get_confidence:100: GB2312 Chinese confidence = 0.01
2021-07-09 18:33:10,464 DEBUG [chardet.charsetprober] get_confidence:100: EUC-KR Korean confidence = 0.01
2021-07-09 18:33:10,464 DEBUG [chardet.charsetprober] get_confidence:100: CP949 Korean confidence = 0.01
2021-07-09 18:33:10,464 DEBUG [chardet.charsetprober] get_confidence:100: Big5 Chinese confidence = 0.01
2021-07-09 18:33:10,465 DEBUG [chardet.charsetprober] get_confidence:100: EUC-TW Taiwan confidence = 0.01
2021-07-09 18:33:10,478 DEBUG [chardet.charsetprober] get_confidence:100: utf-8  confidence = 0.99
2021-07-09 18:33:10,478 DEBUG [chardet.charsetprober] get_confidence:100: SHIFT_JIS Japanese confidence = 0.01
2021-07-09 18:33:10,479 DEBUG [chardet.charsetprober] get_confidence:100: EUC-JP Japanese confidence = 0.01
2021-07-09 18:33:10,479 DEBUG [chardet.charsetprober] get_confidence:100: GB2312 Chinese confidence = 0.01
2021-07-09 18:33:10,479 DEBUG [chardet.charsetprober] get_confidence:100: EUC-KR Korean confidence = 0.01
2021-07-09 18:33:10,480 DEBUG [chardet.charsetprober] get_confidence:100: CP949 Korean confidence = 0.01
2021-07-09 18:33:10,480 DEBUG [chardet.charsetprober] get_confidence:100: Big5 Chinese confidence = 0.01
2021-07-09 18:33:10,480 DEBUG [chardet.charsetprober] get_confidence:100: EUC-TW Taiwan confidence = 0.01
2021-07-09 18:33:10,481 DEBUG [chardet.charsetprober] get_confidence:100: windows-1251 Russian confidence = 0.01
2021-07-09 18:33:10,481 DEBUG [chardet.charsetprober] get_confidence:100: KOI8-R Russian confidence = 0.01
2021-07-09 18:33:10,481 DEBUG [chardet.charsetprober] get_confidence:100: ISO-8859-5 Russian confidence = 0.0
2021-07-09 18:33:10,481 DEBUG [chardet.charsetprober] get_confidence:100: MacCyrillic Russian confidence = 0.034752569308646966
2021-07-09 18:33:10,482 DEBUG [chardet.charsetprober] get_confidence:100: IBM866 Russian confidence = 0.09546454409812116
2021-07-09 18:33:10,482 DEBUG [chardet.charsetprober] get_confidence:100: IBM855 Russian confidence = 0.08743517300235959
2021-07-09 18:33:10,483 DEBUG [chardet.charsetprober] get_confidence:100: ISO-8859-7 Greek confidence = 0.0
2021-07-09 18:33:10,483 DEBUG [chardet.charsetprober] get_confidence:100: windows-1253 Greek confidence = 0.0
2021-07-09 18:33:10,483 DEBUG [chardet.charsetprober] get_confidence:100: ISO-8859-5 Bulgairan confidence = 0.0
2021-07-09 18:33:10,484 DEBUG [chardet.charsetprober] get_confidence:100: windows-1251 Bulgarian confidence = 0.0
2021-07-09 18:33:10,484 DEBUG [chardet.charsetprober] get_confidence:100: TIS-620 Thai confidence = 0.10309979218342318
2021-07-09 18:33:10,484 DEBUG [chardet.charsetprober] get_confidence:100: ISO-8859-9 Turkish confidence = 0.40145324114860437
2021-07-09 18:33:10,485 DEBUG [chardet.charsetprober] get_confidence:100: windows-1255 Hebrew confidence = 0.0
2021-07-09 18:33:10,485 DEBUG [chardet.charsetprober] get_confidence:100: windows-1255 Hebrew confidence = 0.0
2021-07-09 18:33:10,485 DEBUG [chardet.charsetprober] get_confidence:100: windows-1255 Hebrew confidence = 0.0
2021-07-09 18:33:10,486 DEBUG [chardet.charsetprober] get_confidence:100: utf-8  confidence = 0.99
2021-07-09 18:33:10,486 DEBUG [chardet.charsetprober] get_confidence:100: SHIFT_JIS Japanese confidence = 0.01
2021-07-09 18:33:10,486 DEBUG [chardet.charsetprober] get_confidence:100: EUC-JP Japanese confidence = 0.01
2021-07-09 18:33:10,487 DEBUG [chardet.charsetprober] get_confidence:100: GB2312 Chinese confidence = 0.01
2021-07-09 18:33:10,487 DEBUG [chardet.charsetprober] get_confidence:100: EUC-KR Korean confidence = 0.01
2021-07-09 18:33:10,487 DEBUG [chardet.charsetprober] get_confidence:100: CP949 Korean confidence = 0.01
2021-07-09 18:33:10,488 DEBUG [chardet.charsetprober] get_confidence:100: Big5 Chinese confidence = 0.01
2021-07-09 18:33:10,488 DEBUG [chardet.charsetprober] get_confidence:100: EUC-TW Taiwan confidence = 0.01
2021-07-09 18:33:10,506 DEBUG [chardet.charsetprober] get_confidence:100: utf-8  confidence = 0.99
2021-07-09 18:33:10,507 DEBUG [chardet.charsetprober] get_confidence:100: SHIFT_JIS Japanese confidence = 0.01
2021-07-09 18:33:10,507 DEBUG [chardet.charsetprober] get_confidence:100: EUC-JP Japanese confidence = 0.01
2021-07-09 18:33:10,508 DEBUG [chardet.charsetprober] get_confidence:100: GB2312 Chinese confidence = 0.01
2021-07-09 18:33:10,508 DEBUG [chardet.charsetprober] get_confidence:100: EUC-KR Korean confidence = 0.01
2021-07-09 18:33:10,509 DEBUG [chardet.charsetprober] get_confidence:100: CP949 Korean confidence = 0.01
2021-07-09 18:33:10,509 DEBUG [chardet.charsetprober] get_confidence:100: Big5 Chinese confidence = 0.01
2021-07-09 18:33:10,510 DEBUG [chardet.charsetprober] get_confidence:100: EUC-TW Taiwan confidence = 0.01
2021-07-09 18:33:10,510 DEBUG [chardet.charsetprober] get_confidence:100: windows-1251 Russian confidence = 0.01
2021-07-09 18:33:10,511 DEBUG [chardet.charsetprober] get_confidence:100: KOI8-R Russian confidence = 0.01
2021-07-09 18:33:10,511 DEBUG [chardet.charsetprober] get_confidence:100: ISO-8859-5 Russian confidence = 0.0
2021-07-09 18:33:10,512 DEBUG [chardet.charsetprober] get_confidence:100: MacCyrillic Russian confidence = 0.034752569308646966
2021-07-09 18:33:10,512 DEBUG [chardet.charsetprober] get_confidence:100: IBM866 Russian confidence = 0.09546454409812116
2021-07-09 18:33:10,512 DEBUG [chardet.charsetprober] get_confidence:100: IBM855 Russian confidence = 0.08743517300235959
2021-07-09 18:33:10,513 DEBUG [chardet.charsetprober] get_confidence:100: ISO-8859-7 Greek confidence = 0.0
2021-07-09 18:33:10,513 DEBUG [chardet.charsetprober] get_confidence:100: windows-1253 Greek confidence = 0.0
2021-07-09 18:33:10,514 DEBUG [chardet.charsetprober] get_confidence:100: ISO-8859-5 Bulgairan confidence = 0.0
2021-07-09 18:33:10,514 DEBUG [chardet.charsetprober] get_confidence:100: windows-1251 Bulgarian confidence = 0.0
2021-07-09 18:33:10,514 DEBUG [chardet.charsetprober] get_confidence:100: TIS-620 Thai confidence = 0.10309979218342318
2021-07-09 18:33:10,515 DEBUG [chardet.charsetprober] get_confidence:100: ISO-8859-9 Turkish confidence = 0.39436636022682375
2021-07-09 18:33:10,515 DEBUG [chardet.charsetprober] get_confidence:100: windows-1255 Hebrew confidence = 0.0
2021-07-09 18:33:10,515 DEBUG [chardet.charsetprober] get_confidence:100: windows-1255 Hebrew confidence = 0.0
2021-07-09 18:33:10,516 DEBUG [chardet.charsetprober] get_confidence:100: windows-1255 Hebrew confidence = 0.0
2021-07-09 18:33:10,516 DEBUG [chardet.charsetprober] get_confidence:100: utf-8  confidence = 0.99
2021-07-09 18:33:10,516 DEBUG [chardet.charsetprober] get_confidence:100: SHIFT_JIS Japanese confidence = 0.01
2021-07-09 18:33:10,517 DEBUG [chardet.charsetprober] get_confidence:100: EUC-JP Japanese confidence = 0.01
2021-07-09 18:33:10,517 DEBUG [chardet.charsetprober] get_confidence:100: GB2312 Chinese confidence = 0.01
2021-07-09 18:33:10,517 DEBUG [chardet.charsetprober] get_confidence:100: EUC-KR Korean confidence = 0.01
2021-07-09 18:33:10,518 DEBUG [chardet.charsetprober] get_confidence:100: CP949 Korean confidence = 0.01
2021-07-09 18:33:10,518 DEBUG [chardet.charsetprober] get_confidence:100: Big5 Chinese confidence = 0.01
2021-07-09 18:33:10,518 DEBUG [chardet.charsetprober] get_confidence:100: EUC-TW Taiwan confidence = 0.01
2021-07-09 18:33:10,530 DEBUG [chardet.charsetprober] get_confidence:100: utf-8  confidence = 0.99
2021-07-09 18:33:10,530 DEBUG [chardet.charsetprober] get_confidence:100: SHIFT_JIS Japanese confidence = 0.01
2021-07-09 18:33:10,531 DEBUG [chardet.charsetprober] get_confidence:100: EUC-JP Japanese confidence = 0.01
2021-07-09 18:33:10,531 DEBUG [chardet.charsetprober] get_confidence:100: GB2312 Chinese confidence = 0.01
2021-07-09 18:33:10,531 DEBUG [chardet.charsetprober] get_confidence:100: EUC-KR Korean confidence = 0.01
2021-07-09 18:33:10,532 DEBUG [chardet.charsetprober] get_confidence:100: CP949 Korean confidence = 0.01
2021-07-09 18:33:10,532 DEBUG [chardet.charsetprober] get_confidence:100: Big5 Chinese confidence = 0.01
2021-07-09 18:33:10,532 DEBUG [chardet.charsetprober] get_confidence:100: EUC-TW Taiwan confidence = 0.01
2021-07-09 18:33:10,533 DEBUG [chardet.charsetprober] get_confidence:100: windows-1251 Russian confidence = 0.01
2021-07-09 18:33:10,533 DEBUG [chardet.charsetprober] get_confidence:100: KOI8-R Russian confidence = 0.01
2021-07-09 18:33:10,533 DEBUG [chardet.charsetprober] get_confidence:100: ISO-8859-5 Russian confidence = 0.0
2021-07-09 18:33:10,534 DEBUG [chardet.charsetprober] get_confidence:100: MacCyrillic Russian confidence = 0.034752569308646966
2021-07-09 18:33:10,534 DEBUG [chardet.charsetprober] get_confidence:100: IBM866 Russian confidence = 0.09546454409812116
2021-07-09 18:33:10,534 DEBUG [chardet.charsetprober] get_confidence:100: IBM855 Russian confidence = 0.08743517300235959
2021-07-09 18:33:10,535 DEBUG [chardet.charsetprober] get_confidence:100: ISO-8859-7 Greek confidence = 0.0
2021-07-09 18:33:10,535 DEBUG [chardet.charsetprober] get_confidence:100: windows-1253 Greek confidence = 0.0
2021-07-09 18:33:10,535 DEBUG [chardet.charsetprober] get_confidence:100: ISO-8859-5 Bulgairan confidence = 0.0
2021-07-09 18:33:10,536 DEBUG [chardet.charsetprober] get_confidence:100: windows-1251 Bulgarian confidence = 0.0
2021-07-09 18:33:10,536 DEBUG [chardet.charsetprober] get_confidence:100: TIS-620 Thai confidence = 0.10309979218342318
2021-07-09 18:33:10,536 DEBUG [chardet.charsetprober] get_confidence:100: ISO-8859-9 Turkish confidence = 0.39436636022682375
2021-07-09 18:33:10,537 DEBUG [chardet.charsetprober] get_confidence:100: windows-1255 Hebrew confidence = 0.0
2021-07-09 18:33:10,537 DEBUG [chardet.charsetprober] get_confidence:100: windows-1255 Hebrew confidence = 0.0
2021-07-09 18:33:10,537 DEBUG [chardet.charsetprober] get_confidence:100: windows-1255 Hebrew confidence = 0.0
2021-07-09 18:33:10,538 DEBUG [chardet.charsetprober] get_confidence:100: utf-8  confidence = 0.99
2021-07-09 18:33:10,538 DEBUG [chardet.charsetprober] get_confidence:100: SHIFT_JIS Japanese confidence = 0.01
2021-07-09 18:33:10,538 DEBUG [chardet.charsetprober] get_confidence:100: EUC-JP Japanese confidence = 0.01
2021-07-09 18:33:10,539 DEBUG [chardet.charsetprober] get_confidence:100: GB2312 Chinese confidence = 0.01
2021-07-09 18:33:10,539 DEBUG [chardet.charsetprober] get_confidence:100: EUC-KR Korean confidence = 0.01
2021-07-09 18:33:10,539 DEBUG [chardet.charsetprober] get_confidence:100: CP949 Korean confidence = 0.01
2021-07-09 18:33:10,539 DEBUG [chardet.charsetprober] get_confidence:100: Big5 Chinese confidence = 0.01
2021-07-09 18:33:10,540 DEBUG [chardet.charsetprober] get_confidence:100: EUC-TW Taiwan confidence = 0.01
2021-07-09 18:33:10,552 DEBUG [chardet.charsetprober] get_confidence:100: utf-8  confidence = 0.99
2021-07-09 18:33:10,552 DEBUG [chardet.charsetprober] get_confidence:100: SHIFT_JIS Japanese confidence = 0.01
2021-07-09 18:33:10,552 DEBUG [chardet.charsetprober] get_confidence:100: EUC-JP Japanese confidence = 0.01
2021-07-09 18:33:10,553 DEBUG [chardet.charsetprober] get_confidence:100: GB2312 Chinese confidence = 0.01
2021-07-09 18:33:10,553 DEBUG [chardet.charsetprober] get_confidence:100: EUC-KR Korean confidence = 0.01
2021-07-09 18:33:10,554 DEBUG [chardet.charsetprober] get_confidence:100: CP949 Korean confidence = 0.01
2021-07-09 18:33:10,554 DEBUG [chardet.charsetprober] get_confidence:100: Big5 Chinese confidence = 0.01
2021-07-09 18:33:10,554 DEBUG [chardet.charsetprober] get_confidence:100: EUC-TW Taiwan confidence = 0.01
2021-07-09 18:33:10,555 DEBUG [chardet.charsetprober] get_confidence:100: windows-1251 Russian confidence = 0.01
2021-07-09 18:33:10,555 DEBUG [chardet.charsetprober] get_confidence:100: KOI8-R Russian confidence = 0.01
2021-07-09 18:33:10,555 DEBUG [chardet.charsetprober] get_confidence:100: ISO-8859-5 Russian confidence = 0.0
2021-07-09 18:33:10,556 DEBUG [chardet.charsetprober] get_confidence:100: MacCyrillic Russian confidence = 0.034752569308646966
2021-07-09 18:33:10,556 DEBUG [chardet.charsetprober] get_confidence:100: IBM866 Russian confidence = 0.09546454409812116
2021-07-09 18:33:10,556 DEBUG [chardet.charsetprober] get_confidence:100: IBM855 Russian confidence = 0.08743517300235959
2021-07-09 18:33:10,557 DEBUG [chardet.charsetprober] get_confidence:100: ISO-8859-7 Greek confidence = 0.0
2021-07-09 18:33:10,557 DEBUG [chardet.charsetprober] get_confidence:100: windows-1253 Greek confidence = 0.0
2021-07-09 18:33:10,557 DEBUG [chardet.charsetprober] get_confidence:100: ISO-8859-5 Bulgairan confidence = 0.0
2021-07-09 18:33:10,558 DEBUG [chardet.charsetprober] get_confidence:100: windows-1251 Bulgarian confidence = 0.0
2021-07-09 18:33:10,558 DEBUG [chardet.charsetprober] get_confidence:100: TIS-620 Thai confidence = 0.10309979218342318
2021-07-09 18:33:10,558 DEBUG [chardet.charsetprober] get_confidence:100: ISO-8859-9 Turkish confidence = 0.3996740761293778
2021-07-09 18:33:10,559 DEBUG [chardet.charsetprober] get_confidence:100: windows-1255 Hebrew confidence = 0.0
2021-07-09 18:33:10,559 DEBUG [chardet.charsetprober] get_confidence:100: windows-1255 Hebrew confidence = 0.0
2021-07-09 18:33:10,559 DEBUG [chardet.charsetprober] get_confidence:100: windows-1255 Hebrew confidence = 0.0
2021-07-09 18:33:10,560 DEBUG [chardet.charsetprober] get_confidence:100: utf-8  confidence = 0.99
2021-07-09 18:33:10,560 DEBUG [chardet.charsetprober] get_confidence:100: SHIFT_JIS Japanese confidence = 0.01
2021-07-09 18:33:10,560 DEBUG [chardet.charsetprober] get_confidence:100: EUC-JP Japanese confidence = 0.01
2021-07-09 18:33:10,561 DEBUG [chardet.charsetprober] get_confidence:100: GB2312 Chinese confidence = 0.01
2021-07-09 18:33:10,561 DEBUG [chardet.charsetprober] get_confidence:100: EUC-KR Korean confidence = 0.01
2021-07-09 18:33:10,561 DEBUG [chardet.charsetprober] get_confidence:100: CP949 Korean confidence = 0.01
2021-07-09 18:33:10,562 DEBUG [chardet.charsetprober] get_confidence:100: Big5 Chinese confidence = 0.01
2021-07-09 18:33:10,562 DEBUG [chardet.charsetprober] get_confidence:100: EUC-TW Taiwan confidence = 0.01
2021-07-09 18:33:10,572 DEBUG [chardet.charsetprober] get_confidence:100: utf-8  confidence = 0.99
2021-07-09 18:33:10,572 DEBUG [chardet.charsetprober] get_confidence:100: SHIFT_JIS Japanese confidence = 0.01
2021-07-09 18:33:10,573 DEBUG [chardet.charsetprober] get_confidence:100: EUC-JP Japanese confidence = 0.01
2021-07-09 18:33:10,573 DEBUG [chardet.charsetprober] get_confidence:100: GB2312 Chinese confidence = 0.01
2021-07-09 18:33:10,573 DEBUG [chardet.charsetprober] get_confidence:100: EUC-KR Korean confidence = 0.01
2021-07-09 18:33:10,574 DEBUG [chardet.charsetprober] get_confidence:100: CP949 Korean confidence = 0.01
2021-07-09 18:33:10,574 DEBUG [chardet.charsetprober] get_confidence:100: Big5 Chinese confidence = 0.01
2021-07-09 18:33:10,574 DEBUG [chardet.charsetprober] get_confidence:100: EUC-TW Taiwan confidence = 0.01
2021-07-09 18:33:10,575 DEBUG [chardet.charsetprober] get_confidence:100: windows-1251 Russian confidence = 0.01
2021-07-09 18:33:10,575 DEBUG [chardet.charsetprober] get_confidence:100: KOI8-R Russian confidence = 0.01
2021-07-09 18:33:10,575 DEBUG [chardet.charsetprober] get_confidence:100: ISO-8859-5 Russian confidence = 0.0
2021-07-09 18:33:10,576 DEBUG [chardet.charsetprober] get_confidence:100: MacCyrillic Russian confidence = 0.03340373643191467
2021-07-09 18:33:10,576 DEBUG [chardet.charsetprober] get_confidence:100: IBM866 Russian confidence = 0.09538729687862892
2021-07-09 18:33:10,576 DEBUG [chardet.charsetprober] get_confidence:100: IBM855 Russian confidence = 0.08483879730025437
2021-07-09 18:33:10,577 DEBUG [chardet.charsetprober] get_confidence:100: ISO-8859-7 Greek confidence = 0.0
2021-07-09 18:33:10,577 DEBUG [chardet.charsetprober] get_confidence:100: windows-1253 Greek confidence = 0.0
2021-07-09 18:33:10,577 DEBUG [chardet.charsetprober] get_confidence:100: ISO-8859-5 Bulgairan confidence = 0.0
2021-07-09 18:33:10,578 DEBUG [chardet.charsetprober] get_confidence:100: windows-1251 Bulgarian confidence = 0.0
2021-07-09 18:33:10,578 DEBUG [chardet.charsetprober] get_confidence:100: TIS-620 Thai confidence = 0.104662927211424
2021-07-09 18:33:10,578 DEBUG [chardet.charsetprober] get_confidence:100: ISO-8859-9 Turkish confidence = 0.37658112619724476
2021-07-09 18:33:10,579 DEBUG [chardet.charsetprober] get_confidence:100: windows-1255 Hebrew confidence = 0.0
2021-07-09 18:33:10,579 DEBUG [chardet.charsetprober] get_confidence:100: windows-1255 Hebrew confidence = 0.0
2021-07-09 18:33:10,579 DEBUG [chardet.charsetprober] get_confidence:100: windows-1255 Hebrew confidence = 0.0
2021-07-09 18:33:10,580 DEBUG [chardet.charsetprober] get_confidence:100: utf-8  confidence = 0.99
2021-07-09 18:33:10,580 DEBUG [chardet.charsetprober] get_confidence:100: SHIFT_JIS Japanese confidence = 0.01
2021-07-09 18:33:10,580 DEBUG [chardet.charsetprober] get_confidence:100: EUC-JP Japanese confidence = 0.01
2021-07-09 18:33:10,581 DEBUG [chardet.charsetprober] get_confidence:100: GB2312 Chinese confidence = 0.01
2021-07-09 18:33:10,581 DEBUG [chardet.charsetprober] get_confidence:100: EUC-KR Korean confidence = 0.01
2021-07-09 18:33:10,581 DEBUG [chardet.charsetprober] get_confidence:100: CP949 Korean confidence = 0.01
2021-07-09 18:33:10,582 DEBUG [chardet.charsetprober] get_confidence:100: Big5 Chinese confidence = 0.01
2021-07-09 18:33:10,582 DEBUG [chardet.charsetprober] get_confidence:100: EUC-TW Taiwan confidence = 0.01
